<?xml version="1.0" encoding="UTF-8"?>
<testng-results ignored="0" total="6" passed="4" failed="2" skipped="0">
  <reporter-output>
  </reporter-output>
  <suite started-at="2021-09-21T22:52:54 IST" name="Suite" finished-at="2021-09-21T22:54:10 IST" duration-ms="75757">
    <groups>
    </groups>
    <test started-at="2021-09-21T22:52:54 IST" name="Validating Tittle in the page" finished-at="2021-09-21T22:53:12 IST" duration-ms="17824">
      <class name="academy.ValidateTittleTest">
        <test-method is-config="true" signature="initialize()[pri:0, instance:academy.ValidateTittleTest@42f48531]" started-at="2021-09-21T22:52:54 IST" name="initialize" finished-at="2021-09-21T22:53:02 IST" duration-ms="7931" status="PASS">
          <reporter-output>
          </reporter-output>
        </test-method> <!-- initialize -->
        <test-method signature="validateHeader()[pri:0, instance:academy.ValidateTittleTest@42f48531]" started-at="2021-09-21T22:53:02 IST" name="validateHeader" finished-at="2021-09-21T22:53:02 IST" duration-ms="164" status="FAIL">
          <exception class="java.lang.AssertionError">
            <message>
              <![CDATA[expected [An Academy to learn Everything about Testin] but found [AN ACADEMY TO LEARN EVERYTHING ABOUT TESTING]]]>
            </message>
            <full-stacktrace>
              <![CDATA[java.lang.AssertionError: expected [An Academy to learn Everything about Testin] but found [AN ACADEMY TO LEARN EVERYTHING ABOUT TESTING]
at org.testng.Assert.fail(Assert.java:99)
at org.testng.Assert.failNotEquals(Assert.java:1037)
at org.testng.Assert.assertEqualsImpl(Assert.java:140)
at org.testng.Assert.assertEquals(Assert.java:122)
at org.testng.Assert.assertEquals(Assert.java:629)
at org.testng.Assert.assertEquals(Assert.java:639)
at academy.ValidateTittleTest.validateHeader(ValidateTittleTest.java:51)
at java.base/jdk.internal.reflect.NativeMethodAccessorImpl.invoke0(Native Method)
at java.base/jdk.internal.reflect.NativeMethodAccessorImpl.invoke(NativeMethodAccessorImpl.java:62)
at java.base/jdk.internal.reflect.DelegatingMethodAccessorImpl.invoke(DelegatingMethodAccessorImpl.java:43)
at java.base/java.lang.reflect.Method.invoke(Method.java:567)
at org.testng.internal.MethodInvocationHelper.invokeMethod(MethodInvocationHelper.java:133)
at org.testng.internal.TestInvoker.invokeMethod(TestInvoker.java:598)
at org.testng.internal.TestInvoker.invokeTestMethod(TestInvoker.java:173)
at org.testng.internal.MethodRunner.runInSequence(MethodRunner.java:46)
at org.testng.internal.TestInvoker$MethodInvocationAgent.invoke(TestInvoker.java:824)
at org.testng.internal.TestInvoker.invokeTestMethods(TestInvoker.java:146)
at org.testng.internal.TestMethodWorker.invokeTestMethods(TestMethodWorker.java:146)
at org.testng.internal.TestMethodWorker.run(TestMethodWorker.java:128)
at java.base/java.util.ArrayList.forEach(ArrayList.java:1507)
at org.testng.TestRunner.privateRun(TestRunner.java:794)
at org.testng.TestRunner.run(TestRunner.java:596)
at org.testng.SuiteRunner.runTest(SuiteRunner.java:377)
at org.testng.SuiteRunner.runSequentially(SuiteRunner.java:371)
at org.testng.SuiteRunner.privateRun(SuiteRunner.java:332)
at org.testng.SuiteRunner.run(SuiteRunner.java:276)
at org.testng.SuiteRunnerWorker.runSuite(SuiteRunnerWorker.java:53)
at org.testng.SuiteRunnerWorker.run(SuiteRunnerWorker.java:96)
at org.testng.TestNG.runSuitesSequentially(TestNG.java:1212)
at org.testng.TestNG.runSuitesLocally(TestNG.java:1134)
at org.testng.TestNG.runSuites(TestNG.java:1063)
at org.testng.TestNG.run(TestNG.java:1031)
at org.apache.maven.surefire.testng.TestNGExecutor.run(TestNGExecutor.java:284)
at org.apache.maven.surefire.testng.TestNGXmlTestSuite.execute(TestNGXmlTestSuite.java:75)
at org.apache.maven.surefire.testng.TestNGProvider.invoke(TestNGProvider.java:119)
at org.apache.maven.surefire.booter.ForkedBooter.runSuitesInProcess(ForkedBooter.java:428)
at org.apache.maven.surefire.booter.ForkedBooter.execute(ForkedBooter.java:162)
at org.apache.maven.surefire.booter.ForkedBooter.run(ForkedBooter.java:562)
at org.apache.maven.surefire.booter.ForkedBooter.main(ForkedBooter.java:548)
]]>
            </full-stacktrace>
          </exception> <!-- java.lang.AssertionError -->
          <reporter-output>
          </reporter-output>
        </test-method> <!-- validateHeader -->
        <test-method signature="validateTittle()[pri:0, instance:academy.ValidateTittleTest@42f48531]" started-at="2021-09-21T22:53:03 IST" name="validateTittle" finished-at="2021-09-21T22:53:11 IST" duration-ms="8117" status="FAIL">
          <exception class="java.lang.AssertionError">
            <message>
              <![CDATA[expected [FEATURED COURSES44] but found [FEATURED COURSES]]]>
            </message>
            <full-stacktrace>
              <![CDATA[java.lang.AssertionError: expected [FEATURED COURSES44] but found [FEATURED COURSES]
at org.testng.Assert.fail(Assert.java:99)
at org.testng.Assert.failNotEquals(Assert.java:1037)
at org.testng.Assert.assertEqualsImpl(Assert.java:140)
at org.testng.Assert.assertEquals(Assert.java:122)
at org.testng.Assert.assertEquals(Assert.java:629)
at org.testng.Assert.assertEquals(Assert.java:639)
at academy.ValidateTittleTest.validateTittle(ValidateTittleTest.java:43)
at java.base/jdk.internal.reflect.NativeMethodAccessorImpl.invoke0(Native Method)
at java.base/jdk.internal.reflect.NativeMethodAccessorImpl.invoke(NativeMethodAccessorImpl.java:62)
at java.base/jdk.internal.reflect.DelegatingMethodAccessorImpl.invoke(DelegatingMethodAccessorImpl.java:43)
at java.base/java.lang.reflect.Method.invoke(Method.java:567)
at org.testng.internal.MethodInvocationHelper.invokeMethod(MethodInvocationHelper.java:133)
at org.testng.internal.TestInvoker.invokeMethod(TestInvoker.java:598)
at org.testng.internal.TestInvoker.invokeTestMethod(TestInvoker.java:173)
at org.testng.internal.MethodRunner.runInSequence(MethodRunner.java:46)
at org.testng.internal.TestInvoker$MethodInvocationAgent.invoke(TestInvoker.java:824)
at org.testng.internal.TestInvoker.invokeTestMethods(TestInvoker.java:146)
at org.testng.internal.TestMethodWorker.invokeTestMethods(TestMethodWorker.java:146)
at org.testng.internal.TestMethodWorker.run(TestMethodWorker.java:128)
at java.base/java.util.ArrayList.forEach(ArrayList.java:1507)
at org.testng.TestRunner.privateRun(TestRunner.java:794)
at org.testng.TestRunner.run(TestRunner.java:596)
at org.testng.SuiteRunner.runTest(SuiteRunner.java:377)
at org.testng.SuiteRunner.runSequentially(SuiteRunner.java:371)
at org.testng.SuiteRunner.privateRun(SuiteRunner.java:332)
at org.testng.SuiteRunner.run(SuiteRunner.java:276)
at org.testng.SuiteRunnerWorker.runSuite(SuiteRunnerWorker.java:53)
at org.testng.SuiteRunnerWorker.run(SuiteRunnerWorker.java:96)
at org.testng.TestNG.runSuitesSequentially(TestNG.java:1212)
at org.testng.TestNG.runSuitesLocally(TestNG.java:1134)
at org.testng.TestNG.runSuites(TestNG.java:1063)
at org.testng.TestNG.run(TestNG.java:1031)
at org.apache.maven.surefire.testng.TestNGExecutor.run(TestNGExecutor.java:284)
at org.apache.maven.surefire.testng.TestNGXmlTestSuite.execute(TestNGXmlTestSuite.java:75)
at org.apache.maven.surefire.testng.TestNGProvider.invoke(TestNGProvider.java:119)
at org.apache.maven.surefire.booter.ForkedBooter.runSuitesInProcess(ForkedBooter.java:428)
at org.apache.maven.surefire.booter.ForkedBooter.execute(ForkedBooter.java:162)
at org.apache.maven.surefire.booter.ForkedBooter.run(ForkedBooter.java:562)
at org.apache.maven.surefire.booter.ForkedBooter.main(ForkedBooter.java:548)
]]>
            </full-stacktrace>
          </exception> <!-- java.lang.AssertionError -->
          <reporter-output>
          </reporter-output>
        </test-method> <!-- validateTittle -->
        <test-method is-config="true" signature="closing()[pri:0, instance:academy.ValidateTittleTest@42f48531]" started-at="2021-09-21T22:53:12 IST" name="closing" finished-at="2021-09-21T22:53:12 IST" duration-ms="371" status="PASS">
          <reporter-output>
          </reporter-output>
        </test-method> <!-- closing -->
      </class> <!-- academy.ValidateTittleTest -->
    </test> <!-- Validating Tittle in the page -->
    <test started-at="2021-09-21T22:53:13 IST" name="Valiadting the user Login" finished-at="2021-09-21T22:53:54 IST" duration-ms="40766">
      <class name="academy.HomePageTest">
        <test-method is-config="true" signature="initialize()[pri:0, instance:academy.HomePageTest@6f2cb653]" started-at="2021-09-21T22:53:13 IST" name="initialize" finished-at="2021-09-21T22:53:24 IST" duration-ms="10982" status="PASS">
          <reporter-output>
          </reporter-output>
        </test-method> <!-- initialize -->
        <test-method signature="validateLogin(java.lang.String,java.lang.String,java.lang.String)[pri:0, instance:academy.HomePageTest@6f2cb653]" started-at="2021-09-21T22:53:24 IST" name="validateLogin" data-provider="getData" finished-at="2021-09-21T22:53:35 IST" duration-ms="11131" status="PASS">
          <params>
            <param index="0">
              <value>
                <![CDATA[lucky22@gmail.com]]>
              </value>
            </param>
            <param index="1">
              <value>
                <![CDATA[37489]]>
              </value>
            </param>
            <param index="2">
              <value>
                <![CDATA[Restricted user]]>
              </value>
            </param>
          </params>
          <reporter-output>
          </reporter-output>
        </test-method> <!-- validateLogin -->
        <test-method is-config="true" signature="closing()[pri:0, instance:academy.HomePageTest@6f2cb653]" started-at="2021-09-21T22:53:35 IST" name="closing" finished-at="2021-09-21T22:53:36 IST" duration-ms="312" status="PASS">
          <reporter-output>
          </reporter-output>
        </test-method> <!-- closing -->
        <test-method is-config="true" signature="initialize()[pri:0, instance:academy.HomePageTest@6f2cb653]" started-at="2021-09-21T22:53:36 IST" name="initialize" finished-at="2021-09-21T22:53:42 IST" duration-ms="6138" status="PASS">
          <reporter-output>
          </reporter-output>
        </test-method> <!-- initialize -->
        <test-method signature="validateLogin(java.lang.String,java.lang.String,java.lang.String)[pri:0, instance:academy.HomePageTest@6f2cb653]" started-at="2021-09-21T22:53:42 IST" name="validateLogin" data-provider="getData" finished-at="2021-09-21T22:53:54 IST" duration-ms="11917" status="PASS">
          <params>
            <param index="0">
              <value>
                <![CDATA[kusum23@gmail.com]]>
              </value>
            </param>
            <param index="1">
              <value>
                <![CDATA[46447]]>
              </value>
            </param>
            <param index="2">
              <value>
                <![CDATA[Non-Rsetricted user]]>
              </value>
            </param>
          </params>
          <reporter-output>
          </reporter-output>
        </test-method> <!-- validateLogin -->
        <test-method is-config="true" signature="closing()[pri:0, instance:academy.HomePageTest@6f2cb653]" started-at="2021-09-21T22:53:54 IST" name="closing" finished-at="2021-09-21T22:53:54 IST" duration-ms="277" status="PASS">
          <reporter-output>
          </reporter-output>
        </test-method> <!-- closing -->
      </class> <!-- academy.HomePageTest -->
    </test> <!-- Valiadting the user Login -->
    <test started-at="2021-09-21T22:53:54 IST" name="Test" finished-at="2021-09-21T22:53:54 IST" duration-ms="42">
      <class name="academy.AppTest">
        <test-method signature="shouldAnswerWithTrue()[pri:0, instance:academy.AppTest@4fc5e095]" started-at="2021-09-21T22:53:54 IST" name="shouldAnswerWithTrue" finished-at="2021-09-21T22:53:54 IST" duration-ms="5" status="PASS">
          <reporter-output>
          </reporter-output>
        </test-method> <!-- shouldAnswerWithTrue -->
      </class> <!-- academy.AppTest -->
    </test> <!-- Test -->
    <test started-at="2021-09-21T22:53:54 IST" name="Validating Navigation Bar" finished-at="2021-09-21T22:54:10 IST" duration-ms="15863">
      <class name="academy.ValidateNavigationBarTest">
        <test-method is-config="true" signature="initialize()[pri:0, instance:academy.ValidateNavigationBarTest@4bef0fe3]" started-at="2021-09-21T22:53:54 IST" name="initialize" finished-at="2021-09-21T22:54:00 IST" duration-ms="5934" status="PASS">
          <reporter-output>
          </reporter-output>
        </test-method> <!-- initialize -->
        <test-method signature="validateNavigationBar()[pri:0, instance:academy.ValidateNavigationBarTest@4bef0fe3]" started-at="2021-09-21T22:54:00 IST" name="validateNavigationBar" finished-at="2021-09-21T22:54:10 IST" duration-ms="9565" status="PASS">
          <reporter-output>
          </reporter-output>
        </test-method> <!-- validateNavigationBar -->
        <test-method is-config="true" signature="closing()[pri:0, instance:academy.ValidateNavigationBarTest@4bef0fe3]" started-at="2021-09-21T22:54:10 IST" name="closing" finished-at="2021-09-21T22:54:10 IST" duration-ms="361" status="PASS">
          <reporter-output>
          </reporter-output>
        </test-method> <!-- closing -->
      </class> <!-- academy.ValidateNavigationBarTest -->
    </test> <!-- Validating Navigation Bar -->
  </suite> <!-- Suite -->
</testng-results>
