<?xml version="1.0" encoding="UTF-8"?>
<!-- Generated by org.testng.reporters.JUnitXMLReporter -->
<testsuite ignored="0" hostname="HYD2-5CG6180PBB" failures="0" tests="1" name="Validating Navigation Bar" time="1.545" errors="0" timestamp="2021-09-17T23:33:17 IST">
  <testcase classname="academy.ValidateNavigationBarTest" name="@BeforeTest initialize" time="1.529">
    <failure type="org.openqa.selenium.SessionNotCreatedException" message="session not created: This version of ChromeDriver only supports Chrome version 91
Current browser version is 93.0.4577.82 with binary path C:\Program Files (x86)\Google\Chrome\Application\chrome.exe
Build info: version: &amp;apos;3.141.59&amp;apos;, revision: &amp;apos;e82be7d358&amp;apos;, time: &amp;apos;2018-11-14T08:17:03&amp;apos;
System info: host: &amp;apos;HYD2-5CG6180PBB&amp;apos;, ip: &amp;apos;11.144.109.33&amp;apos;, os.name: &amp;apos;Windows 10&amp;apos;, os.arch: &amp;apos;amd64&amp;apos;, os.version: &amp;apos;10.0&amp;apos;, java.version: &amp;apos;13.0.1&amp;apos;
Driver info: driver.version: ChromeDriver
remote stacktrace: Backtrace:
	Ordinal0 [0x010E2DB3+2502067]
	Ordinal0 [0x0107C5B1+2082225]
	Ordinal0 [0x00F82498+1057944]
	Ordinal0 [0x00FA05DA+1181146]
	Ordinal0 [0x00F9C43C+1164348]
	Ordinal0 [0x00F99C73+1154163]
	Ordinal0 [0x00FC9A22+1350178]
	Ordinal0 [0x00FC967A+1349242]
	Ordinal0 [0x00FC5BEB+1334251]
	Ordinal0 [0x00FA2174+1188212]
	Ordinal0 [0x00FA3009+1191945]
	GetHandleVerifier [0x0125EC5C+1511084]
	GetHandleVerifier [0x01308522+2205554]
	GetHandleVerifier [0x01163393+480739]
	GetHandleVerifier [0x01162579+477129]
	Ordinal0 [0x01081E5D+2104925]
	Ordinal0 [0x010863F8+2122744]
	Ordinal0 [0x01086537+2123063]
	Ordinal0 [0x0108EE53+2158163]
	BaseThreadInitThunk [0x75A4FA29+25]
	RtlGetAppContainerNamedObjectPath [0x77BE7A9E+286]
	RtlGetAppContainerNamedObjectPath [0x77BE7A6E+238]
">
      <![CDATA[org.openqa.selenium.SessionNotCreatedException: session not created: This version of ChromeDriver only supports Chrome version 91
Current browser version is 93.0.4577.82 with binary path C:\Program Files (x86)\Google\Chrome\Application\chrome.exe
Build info: version: '3.141.59', revision: 'e82be7d358', time: '2018-11-14T08:17:03'
System info: host: 'HYD2-5CG6180PBB', ip: '11.144.109.33', os.name: 'Windows 10', os.arch: 'amd64', os.version: '10.0', java.version: '13.0.1'
Driver info: driver.version: ChromeDriver
remote stacktrace: Backtrace:
Ordinal0 [0x010E2DB3+2502067]
Ordinal0 [0x0107C5B1+2082225]
Ordinal0 [0x00F82498+1057944]
Ordinal0 [0x00FA05DA+1181146]
Ordinal0 [0x00F9C43C+1164348]
Ordinal0 [0x00F99C73+1154163]
Ordinal0 [0x00FC9A22+1350178]
Ordinal0 [0x00FC967A+1349242]
Ordinal0 [0x00FC5BEB+1334251]
Ordinal0 [0x00FA2174+1188212]
Ordinal0 [0x00FA3009+1191945]
GetHandleVerifier [0x0125EC5C+1511084]
GetHandleVerifier [0x01308522+2205554]
GetHandleVerifier [0x01163393+480739]
GetHandleVerifier [0x01162579+477129]
Ordinal0 [0x01081E5D+2104925]
Ordinal0 [0x010863F8+2122744]
Ordinal0 [0x01086537+2123063]
Ordinal0 [0x0108EE53+2158163]
BaseThreadInitThunk [0x75A4FA29+25]
RtlGetAppContainerNamedObjectPath [0x77BE7A9E+286]
RtlGetAppContainerNamedObjectPath [0x77BE7A6E+238]

at org.openqa.selenium.remote.W3CHandshakeResponse.lambda$errorHandler$0(W3CHandshakeResponse.java:62)
at org.openqa.selenium.remote.HandshakeResponse.lambda$getResponseFunction$0(HandshakeResponse.java:30)
at org.openqa.selenium.remote.ProtocolHandshake.lambda$createSession$0(ProtocolHandshake.java:126)
at java.base/java.util.stream.ReferencePipeline$3$1.accept(ReferencePipeline.java:195)
at java.base/java.util.Spliterators$ArraySpliterator.tryAdvance(Spliterators.java:958)
at java.base/java.util.stream.ReferencePipeline.forEachWithCancel(ReferencePipeline.java:127)
at java.base/java.util.stream.AbstractPipeline.copyIntoWithCancel(AbstractPipeline.java:502)
at java.base/java.util.stream.AbstractPipeline.copyInto(AbstractPipeline.java:488)
at java.base/java.util.stream.AbstractPipeline.wrapAndCopyInto(AbstractPipeline.java:474)
at java.base/java.util.stream.FindOps$FindOp.evaluateSequential(FindOps.java:150)
at java.base/java.util.stream.AbstractPipeline.evaluate(AbstractPipeline.java:234)
at java.base/java.util.stream.ReferencePipeline.findFirst(ReferencePipeline.java:543)
at org.openqa.selenium.remote.ProtocolHandshake.createSession(ProtocolHandshake.java:128)
at org.openqa.selenium.remote.ProtocolHandshake.createSession(ProtocolHandshake.java:74)
at org.openqa.selenium.remote.HttpCommandExecutor.execute(HttpCommandExecutor.java:136)
at org.openqa.selenium.remote.service.DriverCommandExecutor.execute(DriverCommandExecutor.java:83)
at org.openqa.selenium.remote.RemoteWebDriver.execute(RemoteWebDriver.java:552)
at org.openqa.selenium.remote.RemoteWebDriver.startSession(RemoteWebDriver.java:213)
at org.openqa.selenium.remote.RemoteWebDriver.<init>(RemoteWebDriver.java:131)
at org.openqa.selenium.chrome.ChromeDriver.<init>(ChromeDriver.java:181)
at org.openqa.selenium.chrome.ChromeDriver.<init>(ChromeDriver.java:168)
at org.openqa.selenium.chrome.ChromeDriver.<init>(ChromeDriver.java:123)
at resources.Base.initializeDriver(Base.java:31)
at academy.ValidateNavigationBarTest.initialize(ValidateNavigationBarTest.java:23)
... Removed 29 stack frames]]>
    </failure>
  </testcase> <!-- @BeforeTest initialize -->
  <testcase classname="academy.ValidateNavigationBarTest" name="@AfterTest closing" time="-1.631901797247E9">
    <skipped/>
  </testcase> <!-- @AfterTest closing -->
  <testcase classname="academy.ValidateNavigationBarTest" name="basePageNavigation" time="0.0">
    <skipped/>
  </testcase> <!-- basePageNavigation -->
</testsuite> <!-- Validating Navigation Bar -->
