<?xml version="1.0" encoding="UTF-8"?>
<!-- Generated by org.testng.reporters.JUnitXMLReporter -->
<testsuite ignored="0" hostname="HYD2-5CG6180PBB" failures="1" tests="1" name="Test" time="25.68" errors="0" timestamp="2021-12-07T02:40:14 IST">
  <testcase classname="guru99.Ecommerce.Day6Test" name="testcase6" time="17.445">
    <failure type="java.lang.AssertionError">
      <![CDATA[java.lang.AssertionError
at org.junit.Assert.fail(Assert.java:86)
at org.junit.Assert.assertTrue(Assert.java:41)
at org.junit.Assert.assertTrue(Assert.java:52)
at guru99.Ecommerce.Day6Test.testcase6(Day6Test.java:101)
at java.base/java.util.ArrayList.forEach(ArrayList.java:1507)
... Removed 27 stack frames]]>
    </failure>
  </testcase> <!-- testcase6 -->
</testsuite> <!-- Test -->
